<?xml version="1.0" encoding="UTF-8"?>
<!-- Generated by org.testng.reporters.JUnitReportReporter -->
<testsuite skipped="0" hostname="Optium-PC" name="test.day4" tests="3" failures="0" timestamp="20 oct. 2018 06:26:35 GMT" time="0.008" errors="0">
  <testcase name="WebLoginHomeLoan" time="0.004" classname="test.day4"/>
  <testcase name="APIHomeLoan" time="0.002" classname="test.day4"/>
  <testcase name="MobileLoginHomeLoan" time="0.002" classname="test.day4"/>
</testsuite> <!-- test.day4 -->
