<?xml version="1.0" encoding="UTF-8"?>
<!-- Generated by org.testng.reporters.JUnitReportReporter -->
<testsuite skipped="0" hostname="Optium-PC" name="test.day4" tests="3" failures="0" timestamp="19 oct. 2018 21:25:52 GMT" time="0.012" errors="0">
  <testcase name="APIHomeLoan" time="0.007" classname="test.day4"/>
  <testcase name="MobileLoginHomeLoan" time="0.003" classname="test.day4"/>
  <testcase name="WebLoginHomeLoan" time="0.002" classname="test.day4"/>
</testsuite> <!-- test.day4 -->
