<?xml version="1.0" encoding="UTF-8"?>
<!-- Generated by org.testng.reporters.JUnitReportReporter -->
<testsuite skipped="0" hostname="Optium-PC" name="test.day4" tests="3" failures="0" timestamp="20 oct. 2018 09:29:56 GMT" time="0.006" errors="0">
  <testcase name="APIHomeLoan" time="0.002" classname="test.day4"/>
  <testcase name="MobileLoginHomeLoan" time="0.002" classname="test.day4"/>
  <testcase name="WebloginHomeLoan" time="0.002" classname="test.day4"/>
</testsuite> <!-- test.day4 -->
