<?xml version="1.0" encoding="UTF-8"?>
<!-- Generated by org.testng.reporters.JUnitReportReporter -->
<testsuite skipped="0" hostname="Optium-PC" name="test.day3" tests="2" failures="0" timestamp="19 oct. 2018 21:03:12 GMT" time="0.003" errors="0">
  <testcase name="LoginAPIcarLoan" time="0.002" classname="test.day3"/>
  <testcase name="WebLogincarLoan" time="0.001" classname="test.day3"/>
</testsuite> <!-- test.day3 -->
