<?xml version="1.0" encoding="UTF-8"?>
<!-- Generated by org.testng.reporters.JUnitReportReporter -->
<testsuite skipped="0" hostname="Optium-PC" name="test.day3" tests="3" failures="0" timestamp="19 oct. 2018 20:46:17 GMT" time="0.008" errors="0">
  <testcase name="LoginAPIcar" time="0.002" classname="test.day3"/>
  <testcase name="MobileLogincar" time="0.004" classname="test.day3"/>
  <testcase name="WebLogincar" time="0.002" classname="test.day3"/>
</testsuite> <!-- test.day3 -->
