<?xml version="1.0" encoding="UTF-8"?>
<!-- Generated by org.testng.reporters.JUnitReportReporter -->
<testsuite skipped="0" hostname="Optium-PC" name="test.day3" tests="5" failures="0" timestamp="20 oct. 2018 06:03:30 GMT" time="0.021" errors="0">
  <testcase name="MobilesignoutcarLoan" time="0.002" classname="test.day3"/>
  <testcase name="LoginAPIcarLoan" time="0.006" classname="test.day3"/>
  <testcase name="WebLogincarLoan" time="0.008" classname="test.day3"/>
  <testcase name="MobilesignincarLoan" time="0.002" classname="test.day3"/>
  <testcase name="MobileLogincarLoan" time="0.003" classname="test.day3"/>
</testsuite> <!-- test.day3 -->
