<?xml version="1.0" encoding="UTF-8"?>
<!-- Generated by org.testng.reporters.JUnitReportReporter -->
<testsuite skipped="0" hostname="Optium-PC" name="test.day2" tests="1" failures="0" timestamp="20 oct. 2018 06:21:46 GMT" time="0.016" errors="0">
  <testcase name="ploan" time="0.016" classname="test.day2"/>
</testsuite> <!-- test.day2 -->
