<?xml version="1.0" encoding="UTF-8"?>
<!-- Generated by org.testng.reporters.JUnitReportReporter -->
<testsuite skipped="0" hostname="Optium-PC" name="test.day1" tests="2" failures="0" timestamp="20 oct. 2018 06:21:05 GMT" time="0.020" errors="0">
  <testcase name="SecondTest" time="0.008" classname="test.day1"/>
  <testcase name="Demo" time="0.012" classname="test.day1"/>
</testsuite> <!-- test.day1 -->
