<?xml version="1.0" encoding="UTF-8"?>
<!-- Generated by org.testng.reporters.JUnitReportReporter -->
<testsuite skipped="1" hostname="Optium-PC" name="test.day3" tests="5" failures="0" timestamp="20 oct. 2018 06:40:53 GMT" time="0.036" errors="0">
  <testcase name="APIcarLoan" time="0.008" classname="test.day3"/>
  <testcase name="WebloginCarLoan" time="0.002" classname="test.day3"/>
  <testcase name="MobilesignoutcarLoan" time="0.018" classname="test.day3"/>
  <testcase name="MobileLogincarLoan" time="0.008" classname="test.day3"/>
  <testcase name="MobilesignincarLoan" classname="test.day3">
    <skipped/>
  </testcase> <!-- MobilesignincarLoan -->
</testsuite> <!-- test.day3 -->
