<?xml version="1.0" encoding="UTF-8"?>
<!-- Generated by org.testng.reporters.JUnitReportReporter -->
<testsuite skipped="0" hostname="Optium-PC" name="test.day4" tests="1" failures="0" timestamp="20 oct. 2018 06:21:46 GMT" time="0.002" errors="0">
  <testcase name="MobileLoginHomeLoan" time="0.002" classname="test.day4"/>
</testsuite> <!-- test.day4 -->
