<?xml version="1.0" encoding="UTF-8"?>
<!-- Generated by org.testng.reporters.JUnitReportReporter -->
<testsuite skipped="0" hostname="Optium-PC" name="test.day1" tests="2" failures="0" timestamp="19 oct. 2018 20:46:17 GMT" time="0.019" errors="0">
  <testcase name="Demo" time="0.017" classname="test.day1"/>
  <testcase name="SecondTest" time="0.002" classname="test.day1"/>
</testsuite> <!-- test.day1 -->
