<?xml version="1.0" encoding="UTF-8"?>
<!-- Generated by org.testng.reporters.JUnitReportReporter -->
<testsuite skipped="0" hostname="Optium-PC" name="test.day1" tests="1" failures="0" timestamp="20 oct. 2018 06:26:35 GMT" time="0.018" errors="0">
  <testcase name="Demo" time="0.018" classname="test.day1"/>
</testsuite> <!-- test.day1 -->
